SF:lib\services\initialise_firebase_mock.dart
DA:7,1
DA:8,1
DA:10,2
DA:11,2
DA:12,1
DA:13,1
DA:15,1
DA:22,1
DA:27,0
DA:28,0
DA:29,0
DA:30,0
DA:31,0
DA:36,0
LF:14
LH:8
end_of_record
SF:lib\viewModels\register_screen_view_model.dart
DA:19,1
DA:20,2
DA:21,2
DA:22,2
DA:23,1
DA:24,1
DA:27,0
DA:28,0
DA:29,0
DA:30,0
DA:31,0
DA:32,0
DA:34,0
DA:36,0
DA:37,0
DA:38,0
DA:39,0
DA:42,0
DA:45,0
DA:49,0
DA:53,0
DA:54,0
DA:57,0
DA:58,0
DA:65,0
DA:66,0
DA:67,0
DA:68,0
DA:69,0
DA:76,0
DA:77,0
DA:78,0
DA:85,1
DA:86,1
DA:87,2
DA:94,0
DA:95,0
DA:96,0
DA:103,0
DA:104,0
DA:105,0
DA:108,0
DA:113,0
DA:114,0
DA:115,0
DA:118,0
DA:123,0
DA:124,0
DA:127,0
DA:128,0
LF:50
LH:9
end_of_record
SF:lib\models\note.dart
DA:10,1
DA:11,3
DA:65,0
DA:67,0
DA:71,0
DA:74,0
DA:78,0
DA:79,0
DA:80,0
DA:85,0
DA:86,0
DA:87,0
DA:91,0
DA:92,0
DA:93,0
DA:95,0
DA:96,0
DA:97,0
DA:98,0
DA:99,0
LF:20
LH:2
end_of_record
SF:lib\models\user_authentication.dart
DA:10,0
DA:16,0
DA:24,0
DA:26,0
DA:27,0
DA:33,0
DA:36,0
DA:37,0
DA:41,0
DA:42,0
DA:49,0
DA:51,0
DA:52,0
DA:54,0
DA:62,0
DA:63,0
DA:64,0
DA:66,0
DA:71,1
DA:74,2
DA:83,1
DA:84,1
DA:87,0
DA:92,0
DA:94,0
DA:95,0
DA:98,0
DA:99,0
LF:28
LH:4
end_of_record
SF:lib\services\firestore_cloud.dart
DA:4,0
DA:6,1
DA:7,1
LF:3
LH:2
end_of_record
SF:lib\services\firebase_auth.dart
DA:4,3
DA:5,0
DA:7,0
DA:9,1
DA:10,1
DA:13,0
LF:6
LH:3
end_of_record
SF:lib\models\user_management.dart
DA:8,0
DA:10,0
LF:2
LH:0
end_of_record
